-------------------------------------------------------------------------------
Test set: com.test.TestApi
-------------------------------------------------------------------------------
Tests run: 1, Failures: 1, Errors: 0, Skipped: 0, Time elapsed: 1.836 sec <<< FAILURE! - in com.test.TestApi
unorderedJsontest(com.test.TestApi)  Time elapsed: 1.154 sec  <<< FAILURE!
java.lang.AssertionError: 
1 expectation failed.
Expected status code <204> but was <400>.

	at com.test.TestApi.unorderedJsontest(TestApi.java:51)

