<?xml version="1.0" encoding="UTF-8"?>
<testsuite xmlns:xsi="http://www.w3.org/2001/XMLSchema-instance" xsi:schemaLocation="https://maven.apache.org/surefire/maven-surefire-plugin/xsd/surefire-test-report.xsd" name="com.test.Test01Api" time="0.166" tests="1" errors="0" skipped="0" failures="1">
  <properties>
[...]
</properties>
  <testcase name="orderedJsontest" classname="com.test.Test01Api" time="0.166">
    <failure message="1 expectation failed.&#10;Expected status code &lt;204&gt; but was &lt;500&gt;.&#10;" type="java.lang.AssertionError"><![CDATA[java.lang.AssertionError: 
1 expectation failed.
Expected status code <204> but was <500>.

	at com.test.Test01Api.orderedJsontest(Test01Api.java:32)
]]></failure>
    <system-out><![CDATA[{accound_id=0, ammount=0, currency=euro, date=1599501600}
[{"accound_id":"0","ammount":"0","currency":"euro","date":1599501600}]
{accound_id=1, ammount=0, currency=euro, date=1588615200}
[{"accound_id":"0","ammount":"0","currency":"euro","date":1599501600},{"accound_id":"1","ammount":"0","currency":"euro","date":1588615200}]
{accound_id=2, ammount=0, currency=euro, date=1590084000}
[{"accound_id":"0","ammount":"0","currency":"euro","date":1599501600},{"accound_id":"1","ammount":"0","currency":"euro","date":1588615200},{"accound_id":"2","ammount":"0","currency":"euro","date":1590084000}]
{accound_id=3, ammount=0, currency=euro, date=1597168800}
[{"accound_id":"0","ammount":"0","currency":"euro","date":1599501600},{"accound_id":"1","ammount":"0","currency":"euro","date":1588615200},{"accound_id":"2","ammount":"0","currency":"euro","date":1590084000},{"accound_id":"3","ammount":"0","currency":"euro","date":1597168800}]
{accound_id=4, ammount=0, currency=euro, date=1593799200}
[{"accound_id":"0","ammount":"0","currency":"euro","date":1599501600},{"accound_id":"1","ammount":"0","currency":"euro","date":1588615200},{"accound_id":"2","ammount":"0","currency":"euro","date":1590084000},{"accound_id":"3","ammount":"0","currency":"euro","date":1597168800},{"accound_id":"4","ammount":"0","currency":"euro","date":1593799200}]
{accound_id=5, ammount=0, currency=euro, date=1584727200}
[{"accound_id":"0","ammount":"0","currency":"euro","date":1599501600},{"accound_id":"1","ammount":"0","currency":"euro","date":1588615200},{"accound_id":"2","ammount":"0","currency":"euro","date":1590084000},{"accound_id":"3","ammount":"0","currency":"euro","date":1597168800},{"accound_id":"4","ammount":"0","currency":"euro","date":1593799200},{"accound_id":"5","ammount":"0","currency":"euro","date":1584727200}]
{accound_id=6, ammount=0, currency=euro, date=1600624800}
[{"accound_id":"0","ammount":"0","currency":"euro","date":1599501600},{"accound_id":"1","ammount":"0","currency":"euro","date":1588615200},{"accound_id":"2","ammount":"0","currency":"euro","date":1590084000},{"accound_id":"3","ammount":"0","currency":"euro","date":1597168800},{"accound_id":"4","ammount":"0","currency":"euro","date":1593799200},{"accound_id":"5","ammount":"0","currency":"euro","date":1584727200},{"accound_id":"6","ammount":"0","currency":"euro","date":1600624800}]
{accound_id=7, ammount=0, currency=euro, date=1590429600}
[{"accound_id":"0","ammount":"0","currency":"euro","date":1599501600},{"accound_id":"1","ammount":"0","currency":"euro","date":1588615200},{"accound_id":"2","ammount":"0","currency":"euro","date":1590084000},{"accound_id":"3","ammount":"0","currency":"euro","date":1597168800},{"accound_id":"4","ammount":"0","currency":"euro","date":1593799200},{"accound_id":"5","ammount":"0","currency":"euro","date":1584727200},{"accound_id":"6","ammount":"0","currency":"euro","date":1600624800},{"accound_id":"7","ammount":"0","currency":"euro","date":1590429600}]
{accound_id=8, ammount=0, currency=euro, date=1602180000}
[{"accound_id":"0","ammount":"0","currency":"euro","date":1599501600},{"accound_id":"1","ammount":"0","currency":"euro","date":1588615200},{"accound_id":"2","ammount":"0","currency":"euro","date":1590084000},{"accound_id":"3","ammount":"0","currency":"euro","date":1597168800},{"accound_id":"4","ammount":"0","currency":"euro","date":1593799200},{"accound_id":"5","ammount":"0","currency":"euro","date":1584727200},{"accound_id":"6","ammount":"0","currency":"euro","date":1600624800},{"accound_id":"7","ammount":"0","currency":"euro","date":1590429600},{"accound_id":"8","ammount":"0","currency":"euro","date":1602180000}]
{accound_id=9, ammount=0, currency=euro, date=1591466400}
[{"accound_id":"0","ammount":"0","currency":"euro","date":1599501600},{"accound_id":"1","ammount":"0","currency":"euro","date":1588615200},{"accound_id":"2","ammount":"0","currency":"euro","date":1590084000},{"accound_id":"3","ammount":"0","currency":"euro","date":1597168800},{"accound_id":"4","ammount":"0","currency":"euro","date":1593799200},{"accound_id":"5","ammount":"0","currency":"euro","date":1584727200},{"accound_id":"6","ammount":"0","currency":"euro","date":1600624800},{"accound_id":"7","ammount":"0","currency":"euro","date":1590429600},{"accound_id":"8","ammount":"0","currency":"euro","date":1602180000},{"accound_id":"9","ammount":"0","currency":"euro","date":1591466400}]
{accound_id=10, ammount=0, currency=euro, date=1598378400}
[{"accound_id":"0","ammount":"0","currency":"euro","date":1599501600},{"accound_id":"1","ammount":"0","currency":"euro","date":1588615200},{"accound_id":"2","ammount":"0","currency":"euro","date":1590084000},{"accound_id":"3","ammount":"0","currency":"euro","date":1597168800},{"accound_id":"4","ammount":"0","currency":"euro","date":1593799200},{"accound_id":"5","ammount":"0","currency":"euro","date":1584727200},{"accound_id":"6","ammount":"0","currency":"euro","date":1600624800},{"accound_id":"7","ammount":"0","currency":"euro","date":1590429600},{"accound_id":"8","ammount":"0","currency":"euro","date":1602180000},{"accound_id":"9","ammount":"0","currency":"euro","date":1591466400},{"accound_id":"10","ammount":"0","currency":"euro","date":1598378400}]
{accound_id=11, ammount=0, currency=euro, date=1585245600}
[{"accound_id":"0","ammount":"0","currency":"euro","date":1599501600},{"accound_id":"1","ammount":"0","currency":"euro","date":1588615200},{"accound_id":"2","ammount":"0","currency":"euro","date":1590084000},{"accound_id":"3","ammount":"0","currency":"euro","date":1597168800},{"accound_id":"4","ammount":"0","currency":"euro","date":1593799200},{"accound_id":"5","ammount":"0","currency":"euro","date":1584727200},{"accound_id":"6","ammount":"0","currency":"euro","date":1600624800},{"accound_id":"7","ammount":"0","currency":"euro","date":1590429600},{"accound_id":"8","ammount":"0","currency":"euro","date":1602180000},{"accound_id":"9","ammount":"0","currency":"euro","date":1591466400},{"accound_id":"10","ammount":"0","currency":"euro","date":1598378400},{"accound_id":"11","ammount":"0","currency":"euro","date":1585245600}]
{accound_id=12, ammount=0, currency=euro, date=1583172000}
[{"accound_id":"0","ammount":"0","currency":"euro","date":1599501600},{"accound_id":"1","ammount":"0","currency":"euro","date":1588615200},{"accound_id":"2","ammount":"0","currency":"euro","date":1590084000},{"accound_id":"3","ammount":"0","currency":"euro","date":1597168800},{"accound_id":"4","ammount":"0","currency":"euro","date":1593799200},{"accound_id":"5","ammount":"0","currency":"euro","date":1584727200},{"accound_id":"6","ammount":"0","currency":"euro","date":1600624800},{"accound_id":"7","ammount":"0","currency":"euro","date":1590429600},{"accound_id":"8","ammount":"0","currency":"euro","date":1602180000},{"accound_id":"9","ammount":"0","currency":"euro","date":1591466400},{"accound_id":"10","ammount":"0","currency":"euro","date":1598378400},{"accound_id":"11","ammount":"0","currency":"euro","date":1585245600},{"accound_id":"12","ammount":"0","currency":"euro","date":1583172000}]
{accound_id=13, ammount=0, currency=euro, date=1597773600}
[{"accound_id":"0","ammount":"0","currency":"euro","date":1599501600},{"accound_id":"1","ammount":"0","currency":"euro","date":1588615200},{"accound_id":"2","ammount":"0","currency":"euro","date":1590084000},{"accound_id":"3","ammount":"0","currency":"euro","date":1597168800},{"accound_id":"4","ammount":"0","currency":"euro","date":1593799200},{"accound_id":"5","ammount":"0","currency":"euro","date":1584727200},{"accound_id":"6","ammount":"0","currency":"euro","date":1600624800},{"accound_id":"7","ammount":"0","currency":"euro","date":1590429600},{"accound_id":"8","ammount":"0","currency":"euro","date":1602180000},{"accound_id":"9","ammount":"0","currency":"euro","date":1591466400},{"accound_id":"10","ammount":"0","currency":"euro","date":1598378400},{"accound_id":"11","ammount":"0","currency":"euro","date":1585245600},{"accound_id":"12","ammount":"0","currency":"euro","date":1583172000},{"accound_id":"13","ammount":"0","currency":"euro","date":1597773600}]
{accound_id=14, ammount=0, currency=euro, date=1579024800}
[{"accound_id":"0","ammount":"0","currency":"euro","date":1599501600},{"accound_id":"1","ammount":"0","currency":"euro","date":1588615200},{"accound_id":"2","ammount":"0","currency":"euro","date":1590084000},{"accound_id":"3","ammount":"0","currency":"euro","date":1597168800},{"accound_id":"4","ammount":"0","currency":"euro","date":1593799200},{"accound_id":"5","ammount":"0","currency":"euro","date":1584727200},{"accound_id":"6","ammount":"0","currency":"euro","date":1600624800},{"accound_id":"7","ammount":"0","currency":"euro","date":1590429600},{"accound_id":"8","ammount":"0","currency":"euro","date":1602180000},{"accound_id":"9","ammount":"0","currency":"euro","date":1591466400},{"accound_id":"10","ammount":"0","currency":"euro","date":1598378400},{"accound_id":"11","ammount":"0","currency":"euro","date":1585245600},{"accound_id":"12","ammount":"0","currency":"euro","date":1583172000},{"accound_id":"13","ammount":"0","currency":"euro","date":1597773600},{"accound_id":"14","ammount":"0","currency":"euro","date":1579024800}]
{accound_id=15, ammount=0, currency=euro, date=1590688800}
[{"accound_id":"0","ammount":"0","currency":"euro","date":1599501600},{"accound_id":"1","ammount":"0","currency":"euro","date":1588615200},{"accound_id":"2","ammount":"0","currency":"euro","date":1590084000},{"accound_id":"3","ammount":"0","currency":"euro","date":1597168800},{"accound_id":"4","ammount":"0","currency":"euro","date":1593799200},{"accound_id":"5","ammount":"0","currency":"euro","date":1584727200},{"accound_id":"6","ammount":"0","currency":"euro","date":1600624800},{"accound_id":"7","ammount":"0","currency":"euro","date":1590429600},{"accound_id":"8","ammount":"0","currency":"euro","date":1602180000},{"accound_id":"9","ammount":"0","currency":"euro","date":1591466400},{"accound_id":"10","ammount":"0","currency":"euro","date":1598378400},{"accound_id":"11","ammount":"0","currency":"euro","date":1585245600},{"accound_id":"12","ammount":"0","currency":"euro","date":1583172000},{"accound_id":"13","ammount":"0","currency":"euro","date":1597773600},{"accound_id":"14","ammount":"0","currency":"euro","date":1579024800},{"accound_id":"15","ammount":"0","currency":"euro","date":1590688800}]
{"statement":[{"accound_id":"0","ammount":"0","currency":"euro","date":1599501600},{"accound_id":"1","ammount":"0","currency":"euro","date":1588615200},{"accound_id":"2","ammount":"0","currency":"euro","date":1590084000},{"accound_id":"3","ammount":"0","currency":"euro","date":1597168800},{"accound_id":"4","ammount":"0","currency":"euro","date":1593799200},{"accound_id":"5","ammount":"0","currency":"euro","date":1584727200},{"accound_id":"6","ammount":"0","currency":"euro","date":1600624800},{"accound_id":"7","ammount":"0","currency":"euro","date":1590429600},{"accound_id":"8","ammount":"0","currency":"euro","date":1602180000},{"accound_id":"9","ammount":"0","currency":"euro","date":1591466400},{"accound_id":"10","ammount":"0","currency":"euro","date":1598378400},{"accound_id":"11","ammount":"0","currency":"euro","date":1585245600},{"accound_id":"12","ammount":"0","currency":"euro","date":1583172000},{"accound_id":"13","ammount":"0","currency":"euro","date":1597773600},{"accound_id":"14","ammount":"0","currency":"euro","date":1579024800},{"accound_id":"15","ammount":"0","currency":"euro","date":1590688800}]}
{"statement":[{"accound_id":"0","ammount":"0","currency":"euro","date":1599501600},{"accound_id":"1","ammount":"0","currency":"euro","date":1588615200},{"accound_id":"2","ammount":"0","currency":"euro","date":1590084000},{"accound_id":"3","ammount":"0","currency":"euro","date":1597168800},{"accound_id":"4","ammount":"0","currency":"euro","date":1593799200},{"accound_id":"5","ammount":"0","currency":"euro","date":1584727200},{"accound_id":"6","ammount":"0","currency":"euro","date":1600624800},{"accound_id":"7","ammount":"0","currency":"euro","date":1590429600},{"accound_id":"8","ammount":"0","currency":"euro","date":1602180000},{"accound_id":"9","ammount":"0","currency":"euro","date":1591466400},{"accound_id":"10","ammount":"0","currency":"euro","date":1598378400},{"accound_id":"11","ammount":"0","currency":"euro","date":1585245600},{"accound_id":"12","ammount":"0","currency":"euro","date":1583172000},{"accound_id":"13","ammount":"0","currency":"euro","date":1597773600},{"accound_id":"14","ammount":"0","currency":"euro","date":1579024800},{"accound_id":"15","ammount":"0","currency":"euro","date":1590688800}]}
]]></system-out>
  </testcase>
</testsuite>