<?xml version="1.0" encoding="UTF-8"?>
<testsuite xmlns:xsi="http://www.w3.org/2001/XMLSchema-instance" xsi:schemaLocation="https://maven.apache.org/surefire/maven-surefire-plugin/xsd/surefire-test-report.xsd" name="com.test.TestApi" time="1.836" tests="1" errors="0" skipped="0" failures="1">
  <properties>
[...]
</properties>
  <testcase name="unorderedJsontest" classname="com.test.TestApi" time="1.154">
    <failure message="1 expectation failed.&#10;Expected status code &lt;204&gt; but was &lt;400&gt;.&#10;" type="java.lang.AssertionError"><![CDATA[java.lang.AssertionError: 
1 expectation failed.
Expected status code <204> but was <400>.

	at com.test.TestApi.unorderedJsontest(TestApi.java:51)
]]></failure>
    <system-out><![CDATA[{"date":1601316000,"account_id":"0","currency":"euro","ammount":10}
{"statement":[{"date":1601316000,"account_id":"0","currency":"euro","ammount":10}]}
{"date":1599674400,"account_id":"1","currency":"euro","ammount":10}
{"statement":[{"date":1601316000,"account_id":"0","currency":"euro","ammount":10},{"date":1599674400,"account_id":"1","currency":"euro","ammount":10}]}
{"date":1593367200,"account_id":"2","currency":"euro","ammount":10}
{"statement":[{"date":1601316000,"account_id":"0","currency":"euro","ammount":10},{"date":1599674400,"account_id":"1","currency":"euro","ammount":10},{"date":1593367200,"account_id":"2","currency":"euro","ammount":10}]}
{"date":1580407200,"account_id":"3","currency":"euro","ammount":10}
{"statement":[{"date":1601316000,"account_id":"0","currency":"euro","ammount":10},{"date":1599674400,"account_id":"1","currency":"euro","ammount":10},{"date":1593367200,"account_id":"2","currency":"euro","ammount":10},{"date":1580407200,"account_id":"3","currency":"euro","ammount":10}]}
{"date":1581616800,"account_id":"4","currency":"euro","ammount":10}
{"statement":[{"date":1601316000,"account_id":"0","currency":"euro","ammount":10},{"date":1599674400,"account_id":"1","currency":"euro","ammount":10},{"date":1593367200,"account_id":"2","currency":"euro","ammount":10},{"date":1580407200,"account_id":"3","currency":"euro","ammount":10},{"date":1581616800,"account_id":"4","currency":"euro","ammount":10}]}
{"date":1592416800,"account_id":"1","currency":"euro","ammount":10}
{"statement":[{"date":1601316000,"account_id":"0","currency":"euro","ammount":10},{"date":1599674400,"account_id":"1","currency":"euro","ammount":10},{"date":1593367200,"account_id":"2","currency":"euro","ammount":10},{"date":1580407200,"account_id":"3","currency":"euro","ammount":10},{"date":1581616800,"account_id":"4","currency":"euro","ammount":10},{"date":1592416800,"account_id":"1","currency":"euro","ammount":10}]}
{"date":1589565600,"account_id":"6","currency":"euro","ammount":10}
{"statement":[{"date":1601316000,"account_id":"0","currency":"euro","ammount":10},{"date":1599674400,"account_id":"1","currency":"euro","ammount":10},{"date":1593367200,"account_id":"2","currency":"euro","ammount":10},{"date":1580407200,"account_id":"3","currency":"euro","ammount":10},{"date":1581616800,"account_id":"4","currency":"euro","ammount":10},{"date":1592416800,"account_id":"1","currency":"euro","ammount":10},{"date":1589565600,"account_id":"6","currency":"euro","ammount":10}]}
{"date":1585072800,"account_id":"7","currency":"euro","ammount":10}
{"statement":[{"date":1601316000,"account_id":"0","currency":"euro","ammount":10},{"date":1599674400,"account_id":"1","currency":"euro","ammount":10},{"date":1593367200,"account_id":"2","currency":"euro","ammount":10},{"date":1580407200,"account_id":"3","currency":"euro","ammount":10},{"date":1581616800,"account_id":"4","currency":"euro","ammount":10},{"date":1592416800,"account_id":"1","currency":"euro","ammount":10},{"date":1589565600,"account_id":"6","currency":"euro","ammount":10},{"date":1585072800,"account_id":"7","currency":"euro","ammount":10}]}
{"date":1599415200,"account_id":"1","currency":"euro","ammount":10}
{"statement":[{"date":1601316000,"account_id":"0","currency":"euro","ammount":10},{"date":1599674400,"account_id":"1","currency":"euro","ammount":10},{"date":1593367200,"account_id":"2","currency":"euro","ammount":10},{"date":1580407200,"account_id":"3","currency":"euro","ammount":10},{"date":1581616800,"account_id":"4","currency":"euro","ammount":10},{"date":1592416800,"account_id":"1","currency":"euro","ammount":10},{"date":1589565600,"account_id":"6","currency":"euro","ammount":10},{"date":1585072800,"account_id":"7","currency":"euro","ammount":10},{"date":1599415200,"account_id":"1","currency":"euro","ammount":10}]}
{"date":1591207200,"account_id":"9","currency":"euro","ammount":10}
{"statement":[{"date":1601316000,"account_id":"0","currency":"euro","ammount":10},{"date":1599674400,"account_id":"1","currency":"euro","ammount":10},{"date":1593367200,"account_id":"2","currency":"euro","ammount":10},{"date":1580407200,"account_id":"3","currency":"euro","ammount":10},{"date":1581616800,"account_id":"4","currency":"euro","ammount":10},{"date":1592416800,"account_id":"1","currency":"euro","ammount":10},{"date":1589565600,"account_id":"6","currency":"euro","ammount":10},{"date":1585072800,"account_id":"7","currency":"euro","ammount":10},{"date":1599415200,"account_id":"1","currency":"euro","ammount":10},{"date":1591207200,"account_id":"9","currency":"euro","ammount":10}]}
{"date":1599156000,"account_id":"1","currency":"euro","ammount":-30}
{"statement":[{"date":1601316000,"account_id":"0","currency":"euro","ammount":10},{"date":1599674400,"account_id":"1","currency":"euro","ammount":10},{"date":1593367200,"account_id":"2","currency":"euro","ammount":10},{"date":1580407200,"account_id":"3","currency":"euro","ammount":10},{"date":1581616800,"account_id":"4","currency":"euro","ammount":10},{"date":1592416800,"account_id":"1","currency":"euro","ammount":10},{"date":1589565600,"account_id":"6","currency":"euro","ammount":10},{"date":1585072800,"account_id":"7","currency":"euro","ammount":10},{"date":1599415200,"account_id":"1","currency":"euro","ammount":10},{"date":1591207200,"account_id":"9","currency":"euro","ammount":10},{"date":1599156000,"account_id":"1","currency":"euro","ammount":-30}]}
{"date":1585677600,"account_id":"1","currency":"euro","ammount":-30}
{"statement":[{"date":1601316000,"account_id":"0","currency":"euro","ammount":10},{"date":1599674400,"account_id":"1","currency":"euro","ammount":10},{"date":1593367200,"account_id":"2","currency":"euro","ammount":10},{"date":1580407200,"account_id":"3","currency":"euro","ammount":10},{"date":1581616800,"account_id":"4","currency":"euro","ammount":10},{"date":1592416800,"account_id":"1","currency":"euro","ammount":10},{"date":1589565600,"account_id":"6","currency":"euro","ammount":10},{"date":1585072800,"account_id":"7","currency":"euro","ammount":10},{"date":1599415200,"account_id":"1","currency":"euro","ammount":10},{"date":1591207200,"account_id":"9","currency":"euro","ammount":10},{"date":1599156000,"account_id":"1","currency":"euro","ammount":-30},{"date":1585677600,"account_id":"1","currency":"euro","ammount":-30}]}
{"date":1583863200,"account_id":"12","currency":"euro","ammount":10}
{"statement":[{"date":1601316000,"account_id":"0","currency":"euro","ammount":10},{"date":1599674400,"account_id":"1","currency":"euro","ammount":10},{"date":1593367200,"account_id":"2","currency":"euro","ammount":10},{"date":1580407200,"account_id":"3","currency":"euro","ammount":10},{"date":1581616800,"account_id":"4","currency":"euro","ammount":10},{"date":1592416800,"account_id":"1","currency":"euro","ammount":10},{"date":1589565600,"account_id":"6","currency":"euro","ammount":10},{"date":1585072800,"account_id":"7","currency":"euro","ammount":10},{"date":1599415200,"account_id":"1","currency":"euro","ammount":10},{"date":1591207200,"account_id":"9","currency":"euro","ammount":10},{"date":1599156000,"account_id":"1","currency":"euro","ammount":-30},{"date":1585677600,"account_id":"1","currency":"euro","ammount":-30},{"date":1583863200,"account_id":"12","currency":"euro","ammount":10}]}
{"date":1594144800,"account_id":"13","currency":"euro","ammount":10}
{"statement":[{"date":1601316000,"account_id":"0","currency":"euro","ammount":10},{"date":1599674400,"account_id":"1","currency":"euro","ammount":10},{"date":1593367200,"account_id":"2","currency":"euro","ammount":10},{"date":1580407200,"account_id":"3","currency":"euro","ammount":10},{"date":1581616800,"account_id":"4","currency":"euro","ammount":10},{"date":1592416800,"account_id":"1","currency":"euro","ammount":10},{"date":1589565600,"account_id":"6","currency":"euro","ammount":10},{"date":1585072800,"account_id":"7","currency":"euro","ammount":10},{"date":1599415200,"account_id":"1","currency":"euro","ammount":10},{"date":1591207200,"account_id":"9","currency":"euro","ammount":10},{"date":1599156000,"account_id":"1","currency":"euro","ammount":-30},{"date":1585677600,"account_id":"1","currency":"euro","ammount":-30},{"date":1583863200,"account_id":"12","currency":"euro","ammount":10},{"date":1594144800,"account_id":"13","currency":"euro","ammount":10}]}
{"date":1601316000,"account_id":"14","currency":"euro","ammount":10}
{"statement":[{"date":1601316000,"account_id":"0","currency":"euro","ammount":10},{"date":1599674400,"account_id":"1","currency":"euro","ammount":10},{"date":1593367200,"account_id":"2","currency":"euro","ammount":10},{"date":1580407200,"account_id":"3","currency":"euro","ammount":10},{"date":1581616800,"account_id":"4","currency":"euro","ammount":10},{"date":1592416800,"account_id":"1","currency":"euro","ammount":10},{"date":1589565600,"account_id":"6","currency":"euro","ammount":10},{"date":1585072800,"account_id":"7","currency":"euro","ammount":10},{"date":1599415200,"account_id":"1","currency":"euro","ammount":10},{"date":1591207200,"account_id":"9","currency":"euro","ammount":10},{"date":1599156000,"account_id":"1","currency":"euro","ammount":-30},{"date":1585677600,"account_id":"1","currency":"euro","ammount":-30},{"date":1583863200,"account_id":"12","currency":"euro","ammount":10},{"date":1594144800,"account_id":"13","currency":"euro","ammount":10},{"date":1601316000,"account_id":"14","currency":"euro","ammount":10}]}
{"date":1580493600,"account_id":"15","currency":"euro","ammount":10}
{"statement":[{"date":1601316000,"account_id":"0","currency":"euro","ammount":10},{"date":1599674400,"account_id":"1","currency":"euro","ammount":10},{"date":1593367200,"account_id":"2","currency":"euro","ammount":10},{"date":1580407200,"account_id":"3","currency":"euro","ammount":10},{"date":1581616800,"account_id":"4","currency":"euro","ammount":10},{"date":1592416800,"account_id":"1","currency":"euro","ammount":10},{"date":1589565600,"account_id":"6","currency":"euro","ammount":10},{"date":1585072800,"account_id":"7","currency":"euro","ammount":10},{"date":1599415200,"account_id":"1","currency":"euro","ammount":10},{"date":1591207200,"account_id":"9","currency":"euro","ammount":10},{"date":1599156000,"account_id":"1","currency":"euro","ammount":-30},{"date":1585677600,"account_id":"1","currency":"euro","ammount":-30},{"date":1583863200,"account_id":"12","currency":"euro","ammount":10},{"date":1594144800,"account_id":"13","currency":"euro","ammount":10},{"date":1601316000,"account_id":"14","currency":"euro","ammount":10},{"date":1580493600,"account_id":"15","currency":"euro","ammount":10}]}
{"statement":[{"date":1601316000,"account_id":"0","currency":"euro","ammount":10},{"date":1599674400,"account_id":"1","currency":"euro","ammount":10},{"date":1593367200,"account_id":"2","currency":"euro","ammount":10},{"date":1580407200,"account_id":"3","currency":"euro","ammount":10},{"date":1581616800,"account_id":"4","currency":"euro","ammount":10},{"date":1592416800,"account_id":"1","currency":"euro","ammount":10},{"date":1589565600,"account_id":"6","currency":"euro","ammount":10},{"date":1585072800,"account_id":"7","currency":"euro","ammount":10},{"date":1599415200,"account_id":"1","currency":"euro","ammount":10},{"date":1591207200,"account_id":"9","currency":"euro","ammount":10},{"date":1599156000,"account_id":"1","currency":"euro","ammount":-30},{"date":1585677600,"account_id":"1","currency":"euro","ammount":-30},{"date":1583863200,"account_id":"12","currency":"euro","ammount":10},{"date":1594144800,"account_id":"13","currency":"euro","ammount":10},{"date":1601316000,"account_id":"14","currency":"euro","ammount":10},{"date":1580493600,"account_id":"15","currency":"euro","ammount":10}]}
]]></system-out>
  </testcase>
</testsuite>